<?xml version="1.0" encoding="UTF-8"?>
<!--
  ~ Copyright (c) 2009-2014. 上海诺诺镑客 All rights reserved.
  ~ @(#) test-redis.xml 2014-10-27 16:48
  -->

<beans xmlns="http://www.springframework.org/schema/beans"
       xmlns:xsi="http://www.w3.org/2001/XMLSchema-instance"
       xsi:schemaLocation="http://www.springframework.org/schema/beans http://www.springframework.org/schema/beans/spring-beans.xsd">

    <bean id="connectionFactory" class="org.springframework.data.redis.connection.jedis.JedisConnectionFactory"
            destroy-method="destroy">
        <property name="hostName" value="${redis.host}" />
        <property name="port" value="${redis.port}" />
        <property name="password" value="${redis.password}" />
        <property name="timeout" value="${redis.timeout}" />
    </bean>

    <bean id="stringRedisTemplate" class="org.springframework.data.redis.core.StringRedisTemplate">
        <property name="connectionFactory" ref="connectionFactory"/>
    </bean>
</beans>