<!DOCTYPE suite SYSTEM "http://testng.org/testng-1.0.dtd" >
<suite name="Suite1" verbose="1" >
    <listeners>
        <listener class-name="com.hedwig.stepbystep.javatutorial.testng.listener.RetryListener"></listener>
        <!--<listener class-name="com.hedwig.stepbystep.javatutorial.testng.listener.SimpleTestResultListener"></listener>-->
        <!--<listener class-name="com.hedwig.stepbystep.javatutorial.testng.listener.SimpleSuiteListener"></listener>-->
        <listener class-name="com.hedwig.stepbystep.javatutorial.testng.listener.SimpleWebDriverScreenShotTestListener"></listener>
    </listeners>
    <test name ="BaiDuHomePagePageFactory">
        <classes>
            <class name="com.hedwig.stepbystep.javatutorial.webtest.pageobjects.pagefactory.BaiduHomePageFactoryTest"></class>
        </classes>
    </test>
</suite>

