<!DOCTYPE suite SYSTEM "http://testng.org/testng-1.0.dtd" >
<suite name="Suite2" verbose="1" >
    <listeners>
        <!--<listener class-name="com.hedwig.stepbystep.javatutorial.testng.listener.RetryListener"></listener>-->
        <!--<listener class-name="com.hedwig.stepbystep.javatutorial.testng.listener.SimpleTestResultListener"></listener>-->
        <!--<listener class-name="com.hedwig.stepbystep.javatutorial.testng.listener.SimpleSuiteListener"></listener>-->
        <!--<listener class-name="com.hedwig.stepbystep.javatutorial.testng.listener.SimpleTestListener"></listener>-->
    </listeners>
    <test name ="suite1">
        <classes>
            <class name="com.hedwig.stepbystep.javatutorial.guava.joinersamples.JoinerBasicTestByTestNG">
            </class>
        </classes>
    </test>
</suite>

