<?xml version="1.0" encoding="UTF-8"?>
<!-- Generated by org.testng.reporters.JUnitReportReporter -->
<testsuite hostname="patrickdeMacBook-Pro.local" name="com.hedwig.ut.samples.simpleMethod.ExceptionTest" tests="1" failures="0" timestamp="13 Aug 2015 03:32:01 GMT" time="0.001" errors="0">
  <testcase name="expectingException" time="0.001" classname="com.hedwig.ut.samples.simpleMethod.ExceptionTest"/>
</testsuite> <!-- com.hedwig.ut.samples.simpleMethod.ExceptionTest -->
