<?xml version="1.0" encoding="UTF-8"?>
<!-- Generated by org.testng.reporters.JUnitReportReporter -->
<testsuite hostname="patrickdeMacBook-Pro.local" name="com.hedwig.ut.samples.simpleMethod.DateUtilsTest" tests="3" failures="0" timestamp="13 Aug 2015 03:32:01 GMT" time="0.052" errors="0">
  <testcase name="tenthAprilWasWednesday" time="0.001" classname="com.hedwig.ut.samples.simpleMethod.DateUtilsTest"/>
  <testcase name="thirdMayWasFriday" time="0.000" classname="com.hedwig.ut.samples.simpleMethod.DateUtilsTest"/>
  <testcase name="secondJuneWasSunday" time="0.051" classname="com.hedwig.ut.samples.simpleMethod.DateUtilsTest"/>
</testsuite> <!-- com.hedwig.ut.samples.simpleMethod.DateUtilsTest -->
