<?xml version="1.0" encoding="UTF-8"?>
<!-- Generated by org.testng.reporters.JUnitReportReporter -->
<testsuite hostname="patrickdeMacBook-Pro.local" name="com.testngdemo.advanced.TestngAnnotationTransform" tests="1" failures="0" timestamp="17 Mar 2015 19:28:39 GMT" time="0.001" errors="0">
  <testcase name="test_transferm1" time="0.001" classname="com.testngdemo.advanced.TestngAnnotationTransform"/>
</testsuite> <!-- com.testngdemo.advanced.TestngAnnotationTransform -->
